{
  "RSpec": {
    "coverage": {
      "/Users/brinkman/Websites/cpldl/app/helpers/application_helper.rb": [
        1,
        null
      ],
      "/Users/brinkman/Websites/cpldl/app/helpers/user_accounts_helper.rb": [
        1,
        1,
        108,
        null,
        null,
        1,
        27,
        null,
        null,
        1,
        99,
        null,
        null
      ],
      "/Users/brinkman/Websites/cpldl/app/controllers/profiles_controller.rb": [
        1,
        null,
        1,
        1,
        null,
        1,
        1,
        null,
        null,
        1,
        null,
        1,
        1,
        0,
        0,
        null,
        1,
        1,
        1,
        2,
        1,
        null,
        0,
        0,
        null,
        null,
        null,
        null,
        null,
        1,
        null,
        1,
        2,
        null,
        null,
        1,
        1,
        1,
        1,
        1,
        null,
        1,
        0,
        0,
        0,
        null,
        null,
        null,
        1,
        1,
        null,
        null,
        null,
        null,
        1,
        1,
        null,
        null,
        1,
        1,
        null,
        null,
        null
      ],
      "/Users/brinkman/Websites/cpldl/app/controllers/application_controller.rb": [
        1,
        null,
        null,
        1,
        null
      ],
      "/Users/brinkman/Websites/cpldl/app/controllers/user_accounts_controller.rb": [
        1,
        1,
        null,
        null
      ],
      "/Users/brinkman/Websites/cpldl/app/models/profile.rb": [
        1,
        1,
        null
      ],
      "/Users/brinkman/Websites/cpldl/app/controllers/home_controller.rb": [
        1,
        null,
        1,
        null,
        null,
        null
      ]
    },
    "timestamp": 1444335549
  }
}
