{
  "RSpec": {
    "coverage": {
      "/Users/coreydavis1/workspace/vcpldl/web/railsapp/development/cpldl/config/environment.rb": [
        null,
        1,
        null,
        null,
        1
      ],
      "/Users/coreydavis1/workspace/vcpldl/web/railsapp/development/cpldl/config/application.rb": [
        1,
        null,
        1,
        null,
        null,
        null,
        1,
        null,
        1,
        1,
        null,
        null,
        null,
        null,
        null,
        null,
        null,
        null,
        null,
        null,
        null,
        null,
        null,
        1,
        null,
        null
      ],
      "/Users/coreydavis1/workspace/vcpldl/web/railsapp/development/cpldl/config/boot.rb": [
        1,
        null,
        1
      ],
      "/Users/coreydavis1/workspace/vcpldl/web/railsapp/development/cpldl/config/environments/test.rb": [
        1,
        null,
        null,
        null,
        null,
        null,
        null,
        1,
        null,
        null,
        null,
        null,
        1,
        null,
        null,
        1,
        1,
        null,
        null,
        1,
        1,
        null,
        null,
        1,
        null,
        null,
        1,
        null,
        null,
        1,
        null,
        null,
        null,
        null,
        1,
        null,
        null,
        1,
        null,
        null,
        1,
        null,
        null,
        null,
        null
      ],
      "/Users/coreydavis1/workspace/vcpldl/web/railsapp/development/cpldl/config/initializers/assets.rb": [
        null,
        null,
        null,
        1,
        null,
        null,
        null,
        null,
        null,
        null,
        null
      ],
      "/Users/coreydavis1/workspace/vcpldl/web/railsapp/development/cpldl/config/initializers/backtrace_silencers.rb": [
        null,
        null,
        null,
        null,
        null,
        null,
        null
      ],
      "/Users/coreydavis1/workspace/vcpldl/web/railsapp/development/cpldl/config/initializers/cookies_serializer.rb": [
        null,
        null,
        1
      ],
      "/Users/coreydavis1/workspace/vcpldl/web/railsapp/development/cpldl/config/initializers/devise.rb": [
        null,
        null,
        1,
        null,
        null,
        null,
        null,
        null,
        null,
        null,
        null,
        null,
        null,
        null,
        1,
        null,
        null,
        null,
        null,
        null,
        null,
        null,
        null,
        1,
        null,
        null,
        null,
        null,
        null,
        null,
        null,
        null,
        null,
        null,
        null,
        null,
        null,
        null,
        null,
        null,
        null,
        null,
        null,
        null,
        null,
        1,
        null,
        null,
        null,
        null,
        1,
        null,
        null,
        null,
        null,
        null,
        null,
        null,
        null,
        null,
        null,
        null,
        null,
        null,
        null,
        null,
        null,
        null,
        null,
        null,
        null,
        null,
        null,
        null,
        null,
        null,
        null,
        null,
        null,
        null,
        null,
        1,
        null,
        null,
        null,
        null,
        null,
        null,
        null,
        null,
        null,
        null,
        null,
        null,
        null,
        null,
        null,
        null,
        1,
        null,
        null,
        null,
        null,
        null,
        null,
        null,
        null,
        null,
        null,
        null,
        null,
        null,
        null,
        null,
        null,
        null,
        null,
        null,
        null,
        null,
        null,
        null,
        null,
        1,
        null,
        null,
        null,
        null,
        null,
        null,
        null,
        null,
        null,
        1,
        null,
        null,
        null,
        null,
        null,
        null,
        null,
        null,
        null,
        null,
        1,
        null,
        null,
        null,
        null,
        null,
        null,
        null,
        null,
        null,
        null,
        null,
        null,
        null,
        null,
        null,
        null,
        null,
        null,
        null,
        null,
        null,
        null,
        null,
        null,
        null,
        null,
        null,
        null,
        null,
        null,
        null,
        null,
        null,
        null,
        null,
        null,
        null,
        null,
        null,
        null,
        null,
        null,
        null,
        null,
        null,
        1,
        null,
        null,
        null,
        null,
        null,
        null,
        null,
        null,
        null,
        null,
        null,
        null,
        null,
        null,
        null,
        null,
        null,
        null,
        null,
        null,
        null,
        null,
        null,
        null,
        null,
        null,
        null,
        null,
        null,
        null,
        null,
        null,
        null,
        null,
        null,
        null,
        null,
        null,
        null,
        null,
        null,
        1,
        null,
        null,
        null,
        null,
        null,
        null,
        null,
        null,
        null,
        null,
        null,
        null,
        null,
        null,
        null,
        null,
        null,
        null,
        null,
        null,
        null,
        null,
        null,
        null,
        null,
        null,
        null,
        null,
        null
      ],
      "/Users/coreydavis1/workspace/vcpldl/web/railsapp/development/cpldl/config/initializers/filter_parameter_logging.rb": [
        null,
        null,
        null,
        1
      ],
      "/Users/coreydavis1/workspace/vcpldl/web/railsapp/development/cpldl/config/initializers/inflections.rb": [
        null,
        null,
        null,
        null,
        null,
        null,
        null,
        null,
        null,
        null,
        null,
        null,
        null,
        null,
        null,
        null
      ],
      "/Users/coreydavis1/workspace/vcpldl/web/railsapp/development/cpldl/config/initializers/mime_types.rb": [
        null,
        null,
        null,
        null
      ],
      "/Users/coreydavis1/workspace/vcpldl/web/railsapp/development/cpldl/config/initializers/rolify.rb": [
        1,
        null,
        null,
        null,
        null,
        1,
        null
      ],
      "/Users/coreydavis1/workspace/vcpldl/web/railsapp/development/cpldl/app/models/role.rb": [
        1,
        1,
        1,
        null,
        1,
        null,
        1,
        null
      ],
      "/Users/coreydavis1/workspace/vcpldl/web/railsapp/development/cpldl/config/initializers/session_store.rb": [
        null,
        null,
        1
      ],
      "/Users/coreydavis1/workspace/vcpldl/web/railsapp/development/cpldl/config/initializers/wrap_parameters.rb": [
        null,
        null,
        null,
        null,
        null,
        null,
        1,
        1,
        null,
        null,
        null,
        null,
        null,
        null
      ],
      "/Users/coreydavis1/workspace/vcpldl/web/railsapp/development/cpldl/app/models/user.rb": [
        1,
        null,
        null,
        1,
        null,
        1,
        1,
        1,
        null
      ],
      "/Users/coreydavis1/workspace/vcpldl/web/railsapp/development/cpldl/config/routes.rb": [
        1,
        null,
        null,
        1,
        null,
        1,
        1,
        null,
        1,
        null,
        1,
        1,
        1,
        null
      ],
      "/Users/coreydavis1/workspace/vcpldl/web/railsapp/development/cpldl/app/helpers/application_helper.rb": [
        1,
        null
      ],
      "/Users/coreydavis1/workspace/vcpldl/web/railsapp/development/cpldl/app/helpers/attachments_helper.rb": [
        1,
        null
      ],
      "/Users/coreydavis1/workspace/vcpldl/web/railsapp/development/cpldl/app/helpers/courses_helper.rb": [
        1,
        null
      ],
      "/Users/coreydavis1/workspace/vcpldl/web/railsapp/development/cpldl/app/helpers/topics_helper.rb": [
        1,
        null
      ],
      "/Users/coreydavis1/workspace/vcpldl/web/railsapp/development/cpldl/app/helpers/user_accounts_helper.rb": [
        1,
        1,
        0,
        null,
        null,
        1,
        0,
        null,
        null,
        1,
        0,
        null,
        null
      ],
      "/Users/coreydavis1/workspace/vcpldl/web/railsapp/development/cpldl/app/controllers/courses_controller.rb": [
        1,
        1,
        null,
        1,
        1,
        null,
        null,
        null,
        1,
        null,
        null,
        1,
        1,
        null,
        null,
        1,
        null,
        null,
        null,
        1,
        5,
        null,
        5,
        3,
        null,
        2,
        null,
        null,
        null,
        1,
        5,
        3,
        null,
        2,
        null,
        null,
        null,
        1,
        2,
        2,
        null,
        null,
        1,
        null,
        1,
        9,
        null,
        null,
        1,
        10,
        null,
        null,
        null,
        null,
        null,
        null,
        null,
        null,
        null
      ],
      "/Users/coreydavis1/workspace/vcpldl/web/railsapp/development/cpldl/app/controllers/application_controller.rb": [
        1,
        null,
        null,
        1,
        null
      ],
      "/Users/coreydavis1/workspace/vcpldl/web/railsapp/development/cpldl/app/models/course.rb": [
        1,
        1,
        null,
        1,
        1,
        null,
        null,
        null,
        null,
        1,
        null,
        null
      ],
      "/Users/coreydavis1/workspace/vcpldl/web/railsapp/development/cpldl/app/models/attachment.rb": [
        1,
        1,
        null,
        1,
        1,
        null,
        null
      ]
    },
    "timestamp": 1444339282
  }
}
